This is pdfTeX, Version 3.141592653-2.6-1.40.26 (MiKTeX 24.4) (preloaded format=pdflatex 2025.2.3)  6 FEB 2025 21:03
entering extended mode
 restricted \write18 enabled.
 %&-line parsing enabled.
**./1Notas_Servicio_Social.tex
(1Notas_Servicio_Social.tex
LaTeX2e <2024-11-01> patch level 2
L3 programming layer <2025-01-18>
(C:\Users\Poh\AppData\Local\Programs\MiKTeX\tex/latex/base\article.cls
Document Class: article 2024/06/29 v1.4n Standard LaTeX document class
(C:\Users\Poh\AppData\Local\Programs\MiKTeX\tex/latex/base\size10.clo
File: size10.clo 2024/06/29 v1.4n Standard LaTeX file (size option)
)
\c@part=\count196
\c@section=\count197
\c@subsection=\count198
\c@subsubsection=\count199
\c@paragraph=\count266
\c@subparagraph=\count267
\c@figure=\count268
\c@table=\count269
\abovecaptionskip=\skip49
\belowcaptionskip=\skip50
\bibindent=\dimen141
)
(C:\Users\Poh\AppData\Local\Programs\MiKTeX\tex/generic/babel\babel.sty
Package: babel 2025/01/25 v25.2 The multilingual framework for pdfLaTeX, LuaLaT
eX and XeLaTeX
\babel@savecnt=\count270
\U@D=\dimen142
\l@unhyphenated=\language79

(C:\Users\Poh\AppData\Local\Programs\MiKTeX\tex/generic/babel\txtbabel.def)
\bbl@readstream=\read2
\bbl@dirlevel=\count271

*************************************
* Local config file bblopts.cfg used
*
(C:\Users\Poh\AppData\Local\Programs\MiKTeX\tex/latex/arabi\bblopts.cfg
File: bblopts.cfg 2005/09/08 v0.1 add Arabic and Farsi to "declared" options of
 babel
)
(C:\Users\Poh\AppData\Local\Programs\MiKTeX\tex/latex/babel-spanish\spanish.ldf
Language: spanish.ldf 2021/05/27 v5.0q Spanish support from the babel system
\es@quottoks=\toks17
\es@quotdepth=\count272
Package babel Info: Making " an active character on input line 570.
Package babel Info: Making . an active character on input line 675.
Package babel Info: Making < an active character on input line 722.
Package babel Info: Making > an active character on input line 722.
))
(C:\Users\Poh\AppData\Local\Programs\MiKTeX\tex/generic/babel/locale/es\babel-s
panish.tex
Package babel Info: Importing font and identification data for spanish
(babel)             from babel-es.ini. Reported on input line 11.
)
(C:\Users\Poh\AppData\Local\Programs\MiKTeX\tex/latex/amsmath\amsmath.sty
Package: amsmath 2024/11/05 v2.17t AMS math features
\@mathmargin=\skip51

For additional information on amsmath, use the `?' option.
(C:\Users\Poh\AppData\Local\Programs\MiKTeX\tex/latex/amsmath\amstext.sty
Package: amstext 2021/08/26 v2.01 AMS text

(C:\Users\Poh\AppData\Local\Programs\MiKTeX\tex/latex/amsmath\amsgen.sty
File: amsgen.sty 1999/11/30 v2.0 generic functions
\@emptytoks=\toks18
\ex@=\dimen143
))
(C:\Users\Poh\AppData\Local\Programs\MiKTeX\tex/latex/amsmath\amsbsy.sty
Package: amsbsy 1999/11/29 v1.2d Bold Symbols
\pmbraise@=\dimen144
)
(C:\Users\Poh\AppData\Local\Programs\MiKTeX\tex/latex/amsmath\amsopn.sty
Package: amsopn 2022/04/08 v2.04 operator names
)
\inf@bad=\count273
LaTeX Info: Redefining \frac on input line 233.
\uproot@=\count274
\leftroot@=\count275
LaTeX Info: Redefining \overline on input line 398.
LaTeX Info: Redefining \colon on input line 409.
\classnum@=\count276
\DOTSCASE@=\count277
LaTeX Info: Redefining \ldots on input line 495.
LaTeX Info: Redefining \dots on input line 498.
LaTeX Info: Redefining \cdots on input line 619.
\Mathstrutbox@=\box52
\strutbox@=\box53
LaTeX Info: Redefining \big on input line 721.
LaTeX Info: Redefining \Big on input line 722.
LaTeX Info: Redefining \bigg on input line 723.
LaTeX Info: Redefining \Bigg on input line 724.
\big@size=\dimen145
LaTeX Font Info:    Redeclaring font encoding OML on input line 742.
LaTeX Font Info:    Redeclaring font encoding OMS on input line 743.
\macc@depth=\count278
LaTeX Info: Redefining \bmod on input line 904.
LaTeX Info: Redefining \pmod on input line 909.
LaTeX Info: Redefining \smash on input line 939.
LaTeX Info: Redefining \relbar on input line 969.
LaTeX Info: Redefining \Relbar on input line 970.
\c@MaxMatrixCols=\count279
\dotsspace@=\muskip17
\c@parentequation=\count280
\dspbrk@lvl=\count281
\tag@help=\toks19
\row@=\count282
\column@=\count283
\maxfields@=\count284
\andhelp@=\toks20
\eqnshift@=\dimen146
\alignsep@=\dimen147
\tagshift@=\dimen148
\tagwidth@=\dimen149
\totwidth@=\dimen150
\lineht@=\dimen151
\@envbody=\toks21
\multlinegap=\skip52
\multlinetaggap=\skip53
\mathdisplay@stack=\toks22
LaTeX Info: Redefining \[ on input line 2953.
LaTeX Info: Redefining \] on input line 2954.
)
(C:\Users\Poh\AppData\Local\Programs\MiKTeX\tex/latex/amsfonts\amsfonts.sty
Package: amsfonts 2013/01/14 v3.01 Basic AMSFonts support
\symAMSa=\mathgroup4
\symAMSb=\mathgroup5
LaTeX Font Info:    Redeclaring math symbol \hbar on input line 98.
LaTeX Font Info:    Overwriting math alphabet `\mathfrak' in version `bold'
(Font)                  U/euf/m/n --> U/euf/b/n on input line 106.
)
(C:\Users\Poh\AppData\Local\Programs\MiKTeX\tex/latex/amscls\amsthm.sty
Package: amsthm 2020/05/29 v2.20.6
\thm@style=\toks23
\thm@bodyfont=\toks24
\thm@headfont=\toks25
\thm@notefont=\toks26
\thm@headpunct=\toks27
\thm@preskip=\skip54
\thm@postskip=\skip55
\thm@headsep=\skip56
\dth@everypar=\toks28
)
(C:\Users\Poh\AppData\Local\Programs\MiKTeX\tex/latex/floatrow\floatrow.sty
Package: floatrow 2008/08/02 v0.3b floatrow: float package extension

(C:\Users\Poh\AppData\Local\Programs\MiKTeX\tex/latex/graphics\keyval.sty
Package: keyval 2022/05/29 v1.15 key=value parser (DPC)
\KV@toks@=\toks29
)
(C:\Users\Poh\AppData\Local\Programs\MiKTeX\tex/latex/caption\caption3.sty
Package: caption3 2023/07/31 v2.4d caption3 kernel (AR)
\caption@tempdima=\dimen152
\captionmargin=\dimen153
\caption@leftmargin=\dimen154
\caption@rightmargin=\dimen155
\caption@width=\dimen156
\caption@indent=\dimen157
\caption@parindent=\dimen158
\caption@hangindent=\dimen159
Package caption Info: Standard document class detected.
)
\c@float@type=\count285
\float@exts=\toks30
\float@box=\box54
\@floatcapt=\box55
Package floatrow Info: Modified float package code loaded on input line 455.
Package floatrow Info: Modified rotfloat package code loaded on input line 473.

\FR@everyfloat=\toks31
\flrow@foot=\insert252
\FB@wd=\dimen160
\FBo@wd=\dimen161
\FBc@wd=\dimen162
\FBo@ht=\skip57
\FBc@ht=\skip58
\FBf@ht=\skip59
\FBo@max=\skip60
\FBc@max=\skip61
\FBf@max=\skip62
\c@FBl@b=\count286
\floatbox@depth=\count287
\c@FRobj=\count288
\c@FRsobj=\count289
\Xhsize=\skip63
\sXhsize=\skip64
\Zhsize=\skip65
\sZhsize=\skip66
\flrow@rowbox=\box56
\FR@Zunitlength=\dimen163
\c@FBcnt=\count290
\FPOScnt=\count291
\LTleft=\skip67
\LTright=\skip68
\LTleft=\skip69
\LTright=\skip70
\flrow@types=\toks32
)
(C:\Users\Poh\AppData\Local\Programs\MiKTeX\tex/latex/subfig\subfig.sty
Package: subfig 2005/06/28 ver: 1.3 subfig package

(C:\Users\Poh\AppData\Local\Programs\MiKTeX\tex/latex/caption\caption.sty
Package: caption 2023/08/05 v3.6o Customizing captions (AR)
\c@caption@flags=\count292
\c@continuedfloat=\count293
Package caption Info: float package is loaded.
Package caption Info: floatrow package is loaded.
Package caption Info: floatrow package is loaded.
)
\c@KVtest=\count294
\sf@farskip=\skip71
\sf@captopadj=\dimen164
\sf@capskip=\skip72
\sf@nearskip=\skip73
\c@subfigure=\count295
\c@subfigure@save=\count296
\c@lofdepth=\count297
\c@subtable=\count298
\c@subtable@save=\count299
\c@lotdepth=\count300
\sf@top=\skip74
\sf@bottom=\skip75
)
(C:\Users\Poh\AppData\Local\Programs\MiKTeX\tex/latex/base\inputenc.sty
Package: inputenc 2024/02/08 v1.3d Input encoding file
\inpenc@prehook=\toks33
\inpenc@posthook=\toks34
)
(C:\Users\Poh\AppData\Local\Programs\MiKTeX\tex/latex/lipsum\lipsum.sty
(C:\Users\Poh\AppData\Local\Programs\MiKTeX\tex/latex/l3packages/l3keys2e\l3key
s2e.sty
(C:\Users\Poh\AppData\Local\Programs\MiKTeX\tex/latex/l3kernel\expl3.sty
Package: expl3 2025-01-18 L3 programming layer (loader) 

(C:\Users\Poh\AppData\Local\Programs\MiKTeX\tex/latex/l3backend\l3backend-pdfte
x.def
File: l3backend-pdftex.def 2024-05-08 L3 backend support: PDF output (pdfTeX)
\l__color_backend_stack_int=\count301
\l__pdf_internal_box=\box57
))
Package: l3keys2e 2024-08-16 LaTeX2e option processing using LaTeX3 keys
)
Package: lipsum 2021-09-20 v2.7 150 paragraphs of Lorem Ipsum dummy text
\g__lipsum_par_int=\count302
\l__lipsum_a_int=\count303
\l__lipsum_b_int=\count304

(C:\Users\Poh\AppData\Local\Programs\MiKTeX\tex/latex/lipsum\lipsum.ltd.tex))
(C:\Users\Poh\AppData\Local\Programs\MiKTeX\tex/latex/blindtext\blindtext.sty
Package: blindtext 2012/01/06 V2.0 blindtext-Package

(C:\Users\Poh\AppData\Local\Programs\MiKTeX\tex/latex/tools\xspace.sty
Package: xspace 2014/10/28 v1.13 Space after command names (DPC,MH)
)
\c@blindtext=\count305
\c@Blindtext=\count306
\c@blind@countparstart=\count307
\blind@countxx=\count308
\blindtext@numBlindtext=\count309
\blind@countyy=\count310
\c@blindlist=\count311
\c@blindlistlevel=\count312
\c@blindlist@level=\count313
\blind@listitem=\count314
\c@blind@listcount=\count315
\c@blind@levelcount=\count316
\blind@mathformula=\count317
\blind@Mathformula=\count318
\c@blind@randomcount=\count319
\c@blind@randommax=\count320
\c@blind@pangramcount=\count321
\c@blind@pangrammax=\count322
)
(C:\Users\Poh\AppData\Local\Programs\MiKTeX\tex/latex/graphics\graphicx.sty
Package: graphicx 2021/09/16 v1.2d Enhanced LaTeX Graphics (DPC,SPQR)

(C:\Users\Poh\AppData\Local\Programs\MiKTeX\tex/latex/graphics\graphics.sty
Package: graphics 2024/08/06 v1.4g Standard LaTeX Graphics (DPC,SPQR)

(C:\Users\Poh\AppData\Local\Programs\MiKTeX\tex/latex/graphics\trig.sty
Package: trig 2023/12/02 v1.11 sin cos tan (DPC)
)
(C:\Users\Poh\AppData\Local\Programs\MiKTeX\tex/latex/graphics-cfg\graphics.cfg
File: graphics.cfg 2016/06/04 v1.11 sample graphics configuration
)
Package graphics Info: Driver file: pdftex.def on input line 106.
 (C:\Users\Poh\AppData\Local\Programs\MiKTeX\tex/latex/graphics-def\pdftex.def
File: pdftex.def 2024/04/13 v1.2c Graphics/color driver for pdftex
))
\Gin@req@height=\dimen165
\Gin@req@width=\dimen166
)
(C:\Users\Poh\AppData\Local\Programs\MiKTeX\tex/latex/caption\subcaption.sty
Package: subcaption 2023/07/28 v1.6b Sub-captions (AR)
LaTeX Info: Redefining \subref on input line 189.
Package subcaption Info: The counter `subfigure' was already defined by
(subcaption)             \newsubfloat (offered by the subfig package) on input 
line 238.
Package subcaption Info: The counter `subtable' was already defined by
(subcaption)             \newsubfloat (offered by the subfig package) on input 
line 238.
)
(C:\Users\Poh\AppData\Local\Programs\MiKTeX\tex/latex/lm\lmodern.sty
Package: lmodern 2015/05/01 v1.6.1 Latin Modern Fonts
LaTeX Font Info:    Overwriting symbol font `operators' in version `normal'
(Font)                  OT1/cmr/m/n --> OT1/lmr/m/n on input line 22.
LaTeX Font Info:    Overwriting symbol font `letters' in version `normal'
(Font)                  OML/cmm/m/it --> OML/lmm/m/it on input line 23.
LaTeX Font Info:    Overwriting symbol font `symbols' in version `normal'
(Font)                  OMS/cmsy/m/n --> OMS/lmsy/m/n on input line 24.
LaTeX Font Info:    Overwriting symbol font `largesymbols' in version `normal'
(Font)                  OMX/cmex/m/n --> OMX/lmex/m/n on input line 25.
LaTeX Font Info:    Overwriting symbol font `operators' in version `bold'
(Font)                  OT1/cmr/bx/n --> OT1/lmr/bx/n on input line 26.
LaTeX Font Info:    Overwriting symbol font `letters' in version `bold'
(Font)                  OML/cmm/b/it --> OML/lmm/b/it on input line 27.
LaTeX Font Info:    Overwriting symbol font `symbols' in version `bold'
(Font)                  OMS/cmsy/b/n --> OMS/lmsy/b/n on input line 28.
LaTeX Font Info:    Overwriting symbol font `largesymbols' in version `bold'
(Font)                  OMX/cmex/m/n --> OMX/lmex/m/n on input line 29.
LaTeX Font Info:    Overwriting math alphabet `\mathbf' in version `normal'
(Font)                  OT1/cmr/bx/n --> OT1/lmr/bx/n on input line 31.
LaTeX Font Info:    Overwriting math alphabet `\mathsf' in version `normal'
(Font)                  OT1/cmss/m/n --> OT1/lmss/m/n on input line 32.
LaTeX Font Info:    Overwriting math alphabet `\mathit' in version `normal'
(Font)                  OT1/cmr/m/it --> OT1/lmr/m/it on input line 33.
LaTeX Font Info:    Overwriting math alphabet `\mathtt' in version `normal'
(Font)                  OT1/cmtt/m/n --> OT1/lmtt/m/n on input line 34.
LaTeX Font Info:    Overwriting math alphabet `\mathbf' in version `bold'
(Font)                  OT1/cmr/bx/n --> OT1/lmr/bx/n on input line 35.
LaTeX Font Info:    Overwriting math alphabet `\mathsf' in version `bold'
(Font)                  OT1/cmss/bx/n --> OT1/lmss/bx/n on input line 36.
LaTeX Font Info:    Overwriting math alphabet `\mathit' in version `bold'
(Font)                  OT1/cmr/bx/it --> OT1/lmr/bx/it on input line 37.
LaTeX Font Info:    Overwriting math alphabet `\mathtt' in version `bold'
(Font)                  OT1/cmtt/m/n --> OT1/lmtt/m/n on input line 38.
)
(C:\Users\Poh\AppData\Local\Programs\MiKTeX\tex/latex/base\fontenc.sty
Package: fontenc 2021/04/29 v2.0v Standard LaTeX package
LaTeX Font Info:    Trying to load font information for T1+lmr on input line 11
6.

(C:\Users\Poh\AppData\Local\Programs\MiKTeX\tex/latex/lm\t1lmr.fd
File: t1lmr.fd 2015/05/01 v1.6.1 Font defs for Latin Modern
))
(C:\Users\Poh\AppData\Local\Programs\MiKTeX\tex/latex/microtype\microtype.sty
Package: microtype 2024/12/12 v3.2 Micro-typographical refinements (RS)

(C:\Users\Poh\AppData\Local\Programs\MiKTeX\tex/latex/etoolbox\etoolbox.sty
Package: etoolbox 2020/10/05 v2.5k e-TeX tools for LaTeX (JAW)
\etb@tempcnta=\count323
)
\MT@toks=\toks35
\MT@tempbox=\box58
\MT@count=\count324
LaTeX Info: Redefining \noprotrusionifhmode on input line 1075.
LaTeX Info: Redefining \leftprotrusion on input line 1076.
\MT@prot@toks=\toks36
LaTeX Info: Redefining \rightprotrusion on input line 1095.
LaTeX Info: Redefining \textls on input line 1437.
\MT@outer@kern=\dimen167
LaTeX Info: Redefining \microtypecontext on input line 2041.
LaTeX Info: Redefining \textmicrotypecontext on input line 2058.
\MT@listname@count=\count325

(C:\Users\Poh\AppData\Local\Programs\MiKTeX\tex/latex/microtype\microtype-pdfte
x.def
File: microtype-pdftex.def 2024/12/12 v3.2 Definitions specific to pdftex (RS)
LaTeX Info: Redefining \lsstyle on input line 944.
LaTeX Info: Redefining \lslig on input line 944.
\MT@outer@space=\skip76
)
Package microtype Info: Loading configuration file microtype.cfg.

(C:\Users\Poh\AppData\Local\Programs\MiKTeX\tex/latex/microtype\microtype.cfg
File: microtype.cfg 2024/12/12 v3.2 microtype main configuration file (RS)
)
LaTeX Info: Redefining \microtypesetup on input line 3053.
) (C:\Users\Poh\AppData\Local\Programs\MiKTeX\tex/latex/geometry\geometry.sty
Package: geometry 2020/01/02 v5.9 Page Geometry

(C:\Users\Poh\AppData\Local\Programs\MiKTeX\tex/generic/iftex\ifvtex.sty
Package: ifvtex 2019/10/25 v1.7 ifvtex legacy package. Use iftex instead.

(C:\Users\Poh\AppData\Local\Programs\MiKTeX\tex/generic/iftex\iftex.sty
Package: iftex 2024/12/12 v1.0g TeX engine tests
))
\Gm@cnth=\count326
\Gm@cntv=\count327
\c@Gm@tempcnt=\count328
\Gm@bindingoffset=\dimen168
\Gm@wd@mp=\dimen169
\Gm@odd@mp=\dimen170
\Gm@even@mp=\dimen171
\Gm@layoutwidth=\dimen172
\Gm@layoutheight=\dimen173
\Gm@layouthoffset=\dimen174
\Gm@layoutvoffset=\dimen175
\Gm@dimlist=\toks37

(C:\Users\Poh\AppData\Local\Programs\MiKTeX\tex/latex/geometry\geometry.cfg))
(C:\Users\Poh\AppData\Local\Programs\MiKTeX\tex/latex/tools\multicol.sty
Package: multicol 2024/09/14 v1.9i multicolumn formatting (FMi)
\c@tracingmulticols=\count329
\mult@box=\box59
\multicol@leftmargin=\dimen176
\c@unbalance=\count330
\c@collectmore=\count331
\doublecol@number=\count332
\multicoltolerance=\count333
\multicolpretolerance=\count334
\full@width=\dimen177
\page@free=\dimen178
\premulticols=\dimen179
\postmulticols=\dimen180
\multicolsep=\skip77
\multicolbaselineskip=\skip78
\partial@page=\box60
\last@line=\box61
\mc@boxedresult=\box62
\maxbalancingoverflow=\dimen181
\mult@rightbox=\box63
\mult@grightbox=\box64
\mult@firstbox=\box65
\mult@gfirstbox=\box66
\@tempa=\box67
\@tempa=\box68
\@tempa=\box69
\@tempa=\box70
\@tempa=\box71
\@tempa=\box72
\@tempa=\box73
\@tempa=\box74
\@tempa=\box75
\@tempa=\box76
\@tempa=\box77
\@tempa=\box78
\@tempa=\box79
\@tempa=\box80
\@tempa=\box81
\@tempa=\box82
\@tempa=\box83
\@tempa=\box84
\@tempa=\box85
\@tempa=\box86
\@tempa=\box87
\@tempa=\box88
\@tempa=\box89
\@tempa=\box90
\@tempa=\box91
\@tempa=\box92
\@tempa=\box93
\@tempa=\box94
\@tempa=\box95
\@tempa=\box96
\@tempa=\box97
\@tempa=\box98
\@tempa=\box99
\@tempa=\box100
\@tempa=\box101
\@tempa=\box102
\c@minrows=\count335
\c@columnbadness=\count336
\c@finalcolumnbadness=\count337
\last@try=\dimen182
\multicolovershoot=\dimen183
\multicolundershoot=\dimen184
\mult@nat@firstbox=\box103
\colbreak@box=\box104
\mc@col@check@num=\count338
)
Package caption Info: Option `figurename' requires the `newfloat' package on in
put line 26.

(C:\Users\Poh\AppData\Local\Programs\MiKTeX\tex/latex/newfloat\newfloat.sty
Package: newfloat 2023/10/01 v1.2 Defining new floating environments (AR)
)
(C:\Users\Poh\AppData\Local\Programs\MiKTeX\tex/latex/booktabs\booktabs.sty
Package: booktabs 2020/01/12 v1.61803398 Publication quality tables
\heavyrulewidth=\dimen185
\lightrulewidth=\dimen186
\cmidrulewidth=\dimen187
\belowrulesep=\dimen188
\belowbottomsep=\dimen189
\aboverulesep=\dimen190
\abovetopsep=\dimen191
\cmidrulesep=\dimen192
\cmidrulekern=\dimen193
\defaultaddspace=\dimen194
\@cmidla=\count339
\@cmidlb=\count340
\@aboverulesep=\dimen195
\@belowrulesep=\dimen196
\@thisruleclass=\count341
\@lastruleclass=\count342
\@thisrulewidth=\dimen197
)
(C:\Users\Poh\AppData\Local\Programs\MiKTeX\tex/latex/hyperref\hyperref.sty
Package: hyperref 2024-11-05 v7.01l Hypertext links for LaTeX

(C:\Users\Poh\AppData\Local\Programs\MiKTeX\tex/latex/kvsetkeys\kvsetkeys.sty
Package: kvsetkeys 2022-10-05 v1.19 Key value parser (HO)
)
(C:\Users\Poh\AppData\Local\Programs\MiKTeX\tex/generic/kvdefinekeys\kvdefineke
ys.sty
Package: kvdefinekeys 2019-12-19 v1.6 Define keys (HO)
)
(C:\Users\Poh\AppData\Local\Programs\MiKTeX\tex/generic/pdfescape\pdfescape.sty
Package: pdfescape 2019/12/09 v1.15 Implements pdfTeX's escape features (HO)
(C:\Users\Poh\AppData\Local\Programs\MiKTeX\tex/generic/ltxcmds\ltxcmds.sty
Package: ltxcmds 2023-12-04 v1.26 LaTeX kernel commands for general use (HO)
)
(C:\Users\Poh\AppData\Local\Programs\MiKTeX\tex/generic/pdftexcmds\pdftexcmds.s
ty
Package: pdftexcmds 2020-06-27 v0.33 Utility functions of pdfTeX for LuaTeX (HO
)

(C:\Users\Poh\AppData\Local\Programs\MiKTeX\tex/generic/infwarerr\infwarerr.sty
Package: infwarerr 2019/12/03 v1.5 Providing info/warning/error messages (HO)
)
Package pdftexcmds Info: \pdf@primitive is available.
Package pdftexcmds Info: \pdf@ifprimitive is available.
Package pdftexcmds Info: \pdfdraftmode found.
)) (C:\Users\Poh\AppData\Local\Programs\MiKTeX\tex/latex/hycolor\hycolor.sty
Package: hycolor 2020-01-27 v1.10 Color options for hyperref/bookmark (HO)
)
(C:\Users\Poh\AppData\Local\Programs\MiKTeX\tex/latex/hyperref\nameref.sty
Package: nameref 2023-11-26 v2.56 Cross-referencing by name of section

(C:\Users\Poh\AppData\Local\Programs\MiKTeX\tex/latex/refcount\refcount.sty
Package: refcount 2019/12/15 v3.6 Data extraction from label references (HO)
)
(C:\Users\Poh\AppData\Local\Programs\MiKTeX\tex/generic/gettitlestring\gettitle
string.sty
Package: gettitlestring 2019/12/15 v1.6 Cleanup title references (HO)

(C:\Users\Poh\AppData\Local\Programs\MiKTeX\tex/latex/kvoptions\kvoptions.sty
Package: kvoptions 2022-06-15 v3.15 Key value format for package options (HO)
))
\c@section@level=\count343
)
(C:\Users\Poh\AppData\Local\Programs\MiKTeX\tex/generic/stringenc\stringenc.sty
Package: stringenc 2019/11/29 v1.12 Convert strings between diff. encodings (HO
)
)
\@linkdim=\dimen198
\Hy@linkcounter=\count344
\Hy@pagecounter=\count345
 (C:\Users\Poh\AppData\Local\Programs\MiKTeX\tex/latex/hyperref\pd1enc.def
File: pd1enc.def 2024-11-05 v7.01l Hyperref: PDFDocEncoding definition (HO)
Now handling font encoding PD1 ...
... no UTF-8 mapping file for font encoding PD1
)
(C:\Users\Poh\AppData\Local\Programs\MiKTeX\tex/generic/intcalc\intcalc.sty
Package: intcalc 2019/12/15 v1.3 Expandable calculations with integers (HO)
)
\Hy@SavedSpaceFactor=\count346

(C:\Users\Poh\AppData\Local\Programs\MiKTeX\tex/latex/hyperref\puenc.def
File: puenc.def 2024-11-05 v7.01l Hyperref: PDF Unicode definition (HO)
Now handling font encoding PU ...
... no UTF-8 mapping file for font encoding PU
)
Package hyperref Info: Hyper figures OFF on input line 4157.
Package hyperref Info: Link nesting OFF on input line 4162.
Package hyperref Info: Hyper index ON on input line 4165.
Package hyperref Info: Plain pages OFF on input line 4172.
Package hyperref Info: Backreferencing OFF on input line 4177.
Package hyperref Info: Implicit mode ON; LaTeX internals redefined.
Package hyperref Info: Bookmarks ON on input line 4424.
\c@Hy@tempcnt=\count347

(C:\Users\Poh\AppData\Local\Programs\MiKTeX\tex/latex/url\url.sty
\Urlmuskip=\muskip18
Package: url 2013/09/16  ver 3.4  Verb mode for urls, etc.
)
LaTeX Info: Redefining \url on input line 4763.
\XeTeXLinkMargin=\dimen199

(C:\Users\Poh\AppData\Local\Programs\MiKTeX\tex/generic/bitset\bitset.sty
Package: bitset 2019/12/09 v1.3 Handle bit-vector datatype (HO)

(C:\Users\Poh\AppData\Local\Programs\MiKTeX\tex/generic/bigintcalc\bigintcalc.s
ty
Package: bigintcalc 2019/12/15 v1.5 Expandable calculations on big integers (HO
)
))
\Fld@menulength=\count348
\Field@Width=\dimen256
\Fld@charsize=\dimen257
Package hyperref Info: Hyper figures OFF on input line 6042.
Package hyperref Info: Link nesting OFF on input line 6047.
Package hyperref Info: Hyper index ON on input line 6050.
Package hyperref Info: backreferencing OFF on input line 6057.
Package hyperref Info: Link coloring OFF on input line 6062.
Package hyperref Info: Link coloring with OCG OFF on input line 6067.
Package hyperref Info: PDF/A mode OFF on input line 6072.

(C:\Users\Poh\AppData\Local\Programs\MiKTeX\tex/latex/base\atbegshi-ltx.sty
Package: atbegshi-ltx 2021/01/10 v1.0c Emulation of the original atbegshi
package with kernel methods
)
\Hy@abspage=\count349
\c@Item=\count350
\c@Hfootnote=\count351
)
Package hyperref Info: Driver (autodetected): hpdftex.

(C:\Users\Poh\AppData\Local\Programs\MiKTeX\tex/latex/hyperref\hpdftex.def
File: hpdftex.def 2024-11-05 v7.01l Hyperref driver for pdfTeX

(C:\Users\Poh\AppData\Local\Programs\MiKTeX\tex/latex/base\atveryend-ltx.sty
Package: atveryend-ltx 2020/08/19 v1.0a Emulation of the original atveryend pac
kage
with kernel methods
)
\Fld@listcount=\count352
\c@bookmark@seq@number=\count353

(C:\Users\Poh\AppData\Local\Programs\MiKTeX\tex/latex/rerunfilecheck\rerunfilec
heck.sty
Package: rerunfilecheck 2022-07-10 v1.10 Rerun checks for auxiliary files (HO)

(C:\Users\Poh\AppData\Local\Programs\MiKTeX\tex/generic/uniquecounter\uniquecou
nter.sty
Package: uniquecounter 2019/12/15 v1.4 Provide unlimited unique counter (HO)
)
Package uniquecounter Info: New unique counter `rerunfilecheck' on input line 2
85.
)
\Hy@SectionHShift=\skip79
)
(C:\Users\Poh\AppData\Local\Programs\MiKTeX\tex/latex/wrapfig\wrapfig.sty
\wrapoverhang=\dimen258
\WF@size=\dimen259
\c@WF@wrappedlines=\count354
\WF@box=\box105
\WF@everypar=\toks38
Package: wrapfig 2003/01/31  v 3.6
)
(C:\Users\Poh\AppData\Local\Programs\MiKTeX\tex/latex/xcolor\xcolor.sty
Package: xcolor 2024/09/29 v3.02 LaTeX color extensions (UK)

(C:\Users\Poh\AppData\Local\Programs\MiKTeX\tex/latex/graphics-cfg\color.cfg
File: color.cfg 2016/01/02 v1.6 sample color configuration
)
Package xcolor Info: Driver file: pdftex.def on input line 274.

(C:\Users\Poh\AppData\Local\Programs\MiKTeX\tex/latex/graphics\mathcolor.ltx)
Package xcolor Info: Model `cmy' substituted by `cmy0' on input line 1349.
Package xcolor Info: Model `hsb' substituted by `rgb' on input line 1353.
Package xcolor Info: Model `RGB' extended on input line 1365.
Package xcolor Info: Model `HTML' substituted by `rgb' on input line 1367.
Package xcolor Info: Model `Hsb' substituted by `hsb' on input line 1368.
Package xcolor Info: Model `tHsb' substituted by `hsb' on input line 1369.
Package xcolor Info: Model `HSB' substituted by `hsb' on input line 1370.
Package xcolor Info: Model `Gray' substituted by `gray' on input line 1371.
Package xcolor Info: Model `wave' substituted by `hsb' on input line 1372.
)
(C:\Users\Poh\AppData\Local\Programs\MiKTeX\tex/latex/lettrine\lettrine.sty
File: lettrine.sty 2025-01-30 v2.80 (Daniel Flipo)

(C:\Users\Poh\AppData\Local\Programs\MiKTeX\tex/latex/l3packages/xfp\xfp.sty
Package: xfp 2024-08-16 L3 Floating point unit
)
\c@DefaultLines=\count355
\c@DefaultDepth=\count356
\DefaultFindent=\dimen260
\DefaultNindent=\dimen261
\DefaultSlope=\dimen262
\DiscardVskip=\dimen263
\L@lettrine=\box106
\L@lbox=\box107
\L@tbox=\box108
\c@L@lines=\count357
\c@L@depth=\count358
\L@Pindent=\dimen264
\L@Findent=\dimen265
\L@Nindent=\dimen266
\L@lraise=\dimen267
\L@first=\dimen268
\L@next=\dimen269
\L@slope=\dimen270
\L@height=\dimen271
\L@novskip=\dimen272
\L@target@ht=\dimen273
\L@target@dp=\dimen274
\L@target@tht=\dimen275
\LettrineWidth=\dimen276
\LettrineHeight=\dimen277
\LettrineDepth=\dimen278
\L@finalht=\dimen279
\L@finaldp=\dimen280

Loading lettrine.cfg
(C:\Users\Poh\AppData\Local\Programs\MiKTeX\tex/latex/lettrine\lettrine.cfg)
\Lettrine@tweaks=\toks39
\Llist@everypar=\toks40
)
(C:\Users\Poh\AppData\Local\Programs\MiKTeX\tex/latex/paralist\paralist.sty
Package: paralist 2017/01/22 v2.7 Extended list environments
\pltopsep=\skip80
\plpartopsep=\skip81
\plitemsep=\skip82
\plparsep=\skip83
\pl@lab=\toks41
)
(C:\Users\Poh\AppData\Local\Programs\MiKTeX\tex/latex/abstract\abstract.sty
Package: abstract 2009/06/08 v1.2a configurable abstracts
\abstitleskip=\skip84
\absleftindent=\skip85
\absrightindent=\skip86
\absparindent=\skip87
\absparsep=\skip88
)
(C:\Users\Poh\AppData\Local\Programs\MiKTeX\tex/latex/titlesec\titlesec.sty
Package: titlesec 2025/01/04 v2.17 Sectioning titles
\ttl@box=\box109
\beforetitleunit=\skip89
\aftertitleunit=\skip90
\ttl@plus=\dimen281
\ttl@minus=\dimen282
\ttl@toksa=\toks42
\titlewidth=\dimen283
\titlewidthlast=\dimen284
\titlewidthfirst=\dimen285
)
Package hyperref Info: Option `colorlinks' set `true' on input line 58.

(C:\Users\Poh\AppData\Local\Programs\MiKTeX\tex/latex/fancyhdr\fancyhdr.sty
Package: fancyhdr 2025/01/07 v5.1.1 Extensive control of page headers and foote
rs
\f@nch@headwidth=\skip91
\f@nch@offset@elh=\skip92
\f@nch@offset@erh=\skip93
\f@nch@offset@olh=\skip94
\f@nch@offset@orh=\skip95
\f@nch@offset@elf=\skip96
\f@nch@offset@erf=\skip97
\f@nch@offset@olf=\skip98
\f@nch@offset@orf=\skip99
\f@nch@height=\skip100
\f@nch@footalignment=\skip101
\f@nch@widthL=\skip102
\f@nch@widthC=\skip103
\f@nch@widthR=\skip104
\@temptokenb=\toks43
)

Package fancyhdr Warning: \fancyhead's `E' option without twoside option is use
less.
(fancyhdr)                Please consider using the `twoside' option on input l
ine 66.


Package fancyhdr Warning: \fancyfoot's `E' option without twoside option is use
less.
(fancyhdr)                Please consider using the `twoside' option on input l
ine 69.


Package fancyhdr Warning: \fancyheadoffset's `E' option without twoside option 
is useless.
(fancyhdr)                Please consider using the `twoside' option on input l
ine 70.


LaTeX Warning: Unused global option(s):
    [paper,8.5pt].

(1Notas_Servicio_Social.aux
LaTeX Info: Redefining \. on input line 23.
LaTeX Info: Redefining \% on input line 23.


LaTeX Warning: Label `h1' multiply defined.


LaTeX Warning: Label `fig:test' multiply defined.

)
\openout1 = `1Notas_Servicio_Social.aux'.

LaTeX Font Info:    Checking defaults for OML/cmm/m/it on input line 83.
LaTeX Font Info:    ... okay on input line 83.
LaTeX Font Info:    Checking defaults for OMS/cmsy/m/n on input line 83.
LaTeX Font Info:    ... okay on input line 83.
LaTeX Font Info:    Checking defaults for OT1/cmr/m/n on input line 83.
LaTeX Font Info:    ... okay on input line 83.
LaTeX Font Info:    Checking defaults for T1/cmr/m/n on input line 83.
LaTeX Font Info:    ... okay on input line 83.
LaTeX Font Info:    Checking defaults for TS1/cmr/m/n on input line 83.
LaTeX Font Info:    ... okay on input line 83.
LaTeX Font Info:    Checking defaults for OMX/cmex/m/n on input line 83.
LaTeX Font Info:    ... okay on input line 83.
LaTeX Font Info:    Checking defaults for U/cmr/m/n on input line 83.
LaTeX Font Info:    ... okay on input line 83.
LaTeX Font Info:    Checking defaults for PD1/pdf/m/n on input line 83.
LaTeX Font Info:    ... okay on input line 83.
LaTeX Font Info:    Checking defaults for PU/pdf/m/n on input line 83.
LaTeX Font Info:    ... okay on input line 83.
LaTeX Info: Redefining \. on input line 83.
LaTeX Info: Redefining \% on input line 83.
Package caption Info: Begin \AtBeginDocument code.
Package caption Info: subfig package v1.3 is loaded.
Package caption Info: hyperref package is loaded.
Package caption Info: wrapfig package is loaded.
Package caption Info: End \AtBeginDocument code.
 (C:\Users\Poh\AppData\Local\Programs\MiKTeX\tex/latex/floatrow\fr-subfig.sty
Package: fr-subfig 2007/12/24 v0.1g (beta) floatrow: additions for subfig
\FBsc@max=\skip105
\FBso@max=\skip106
)
(C:\Users\Poh\AppData\Local\Programs\MiKTeX\tex/context/base/mkii\supp-pdf.mkii
[Loading MPS to PDF converter (version 2006.09.02).]
\scratchcounter=\count359
\scratchdimen=\dimen286
\scratchbox=\box110
\nofMPsegments=\count360
\nofMParguments=\count361
\everyMPshowfont=\toks44
\MPscratchCnt=\count362
\MPscratchDim=\dimen287
\MPnumerator=\count363
\makeMPintoPDFobject=\count364
\everyMPtoPDFconversion=\toks45
)
(C:\Users\Poh\AppData\Local\Programs\MiKTeX\tex/latex/epstopdf-pkg\epstopdf-bas
e.sty
Package: epstopdf-base 2020-01-24 v2.11 Base part for package epstopdf
Package epstopdf-base Info: Redefining graphics rule for `.eps' on input line 4
85.

(C:\Users\Poh\AppData\Local\Programs\MiKTeX\tex/latex/00miktex\epstopdf-sys.cfg
File: epstopdf-sys.cfg 2021/03/18 v2.0 Configuration of epstopdf for MiKTeX
))
LaTeX Info: Redefining \microtypecontext on input line 83.
Package microtype Info: Applying patch `item' on input line 83.
Package microtype Info: Applying patch `toc' on input line 83.
Package microtype Info: Applying patch `eqnum' on input line 83.
Package microtype Info: Applying patch `footnote' on input line 83.
Package microtype Info: Applying patch `verbatim' on input line 83.
LaTeX Info: Redefining \microtypesetup on input line 83.
Package microtype Info: Generating PDF output.
Package microtype Info: Character protrusion enabled (level 2).
Package microtype Info: Using default protrusion set `alltext'.
Package microtype Info: Automatic font expansion enabled (level 2),
(microtype)             stretch: 20, shrink: 20, step: 1, non-selected.
Package microtype Info: Using default expansion set `alltext-nott'.
LaTeX Info: Redefining \showhyphens on input line 83.
Package microtype Info: No adjustment of tracking.
Package microtype Info: No adjustment of interword spacing.
Package microtype Info: No adjustment of character kerning.
 (C:\Users\Poh\AppData\Local\Programs\MiKTeX\tex/latex/microtype\mt-cmr.cfg
File: mt-cmr.cfg 2013/05/19 v2.2 microtype config. file: Computer Modern Roman 
(RS)
)
*geometry* driver: auto-detecting
*geometry* detected driver: pdftex
*geometry* verbose mode - [ preamble ] result:
* driver: pdftex
* paper: <default>
* layout: <same size as paper>
* layoutoffset:(h,v)=(0.0pt,0.0pt)
* hratio: 1:1
* modes: 
* h-part:(L,W,R)=(56.9055pt, 483.69684pt, 73.69266pt)
* v-part:(T,H,B)=(71.13188pt, 654.41338pt, 69.42473pt)
* \paperwidth=614.295pt
* \paperheight=794.96999pt
* \textwidth=483.69684pt
* \textheight=654.41338pt
* \oddsidemargin=-15.36449pt
* \evensidemargin=-15.36449pt
* \topmargin=-38.1381pt
* \headheight=12.0pt
* \headsep=25.0pt
* \topskip=10.0pt
* \footskip=30.0pt
* \marginparwidth=65.0pt
* \marginparsep=11.0pt
* \columnsep=20.0pt
* \skip\footins=9.0pt plus 4.0pt minus 2.0pt
* \hoffset=0.0pt
* \voffset=0.0pt
* \mag=1000
* \@twocolumnfalse
* \@twosidefalse
* \@mparswitchfalse
* \@reversemarginfalse
* (1in=72.27pt=25.4mm, 1cm=28.453pt)

Package newfloat Info: `float' package detected.
Package newfloat Info: `wrapfig' package detected.
Package hyperref Info: Link coloring ON on input line 83.
(1Notas_Servicio_Social.out) (1Notas_Servicio_Social.out)
\@outlinefile=\write3
\openout3 = `1Notas_Servicio_Social.out'.


! Missing number, treated as zero.
<to be read again> 
                   \protect 
l.85 \thispagestyle
                   {fancy} % All pages have headers and footers
A number should have been here; I inserted `0'.
(If you can't figure out why I needed to see a number,
look up `weird error' in the index to The TeXbook.)

! Illegal unit of measure (pt inserted).
<to be read again> 
                   \protect 
l.85 \thispagestyle
                   {fancy} % All pages have headers and footers
Dimensions can be in units of em, ex, in, pt, pc,
cm, mm, dd, cc, nd, nc, bp, or sp; but yours is a new one!
I'll assume that you meant to say pt, for printer's points.
To recover gracefully from this error, it's best to
delete the erroneous units; e.g., type `2' to delete
two letters. (See Chapter 27 of The TeXbook.)

LaTeX Font Info:    Trying to load font information for OT1+lmr on input line 8
5.
(C:\Users\Poh\AppData\Local\Programs\MiKTeX\tex/latex/lm\ot1lmr.fd
File: ot1lmr.fd 2015/05/01 v1.6.1 Font defs for Latin Modern
)
LaTeX Font Info:    Trying to load font information for OML+lmm on input line 8
5.

(C:\Users\Poh\AppData\Local\Programs\MiKTeX\tex/latex/lm\omllmm.fd
File: omllmm.fd 2015/05/01 v1.6.1 Font defs for Latin Modern
)
LaTeX Font Info:    Trying to load font information for OMS+lmsy on input line 
85.

(C:\Users\Poh\AppData\Local\Programs\MiKTeX\tex/latex/lm\omslmsy.fd
File: omslmsy.fd 2015/05/01 v1.6.1 Font defs for Latin Modern
)
LaTeX Font Info:    Trying to load font information for OMX+lmex on input line 
85.

(C:\Users\Poh\AppData\Local\Programs\MiKTeX\tex/latex/lm\omxlmex.fd
File: omxlmex.fd 2015/05/01 v1.6.1 Font defs for Latin Modern
)
LaTeX Font Info:    External font `lmex10' loaded for size
(Font)              <12> on input line 85.
LaTeX Font Info:    External font `lmex10' loaded for size
(Font)              <8> on input line 85.
LaTeX Font Info:    External font `lmex10' loaded for size
(Font)              <6> on input line 85.
LaTeX Font Info:    Trying to load font information for U+msa on input line 85.


(C:\Users\Poh\AppData\Local\Programs\MiKTeX\tex/latex/amsfonts\umsa.fd
File: umsa.fd 2013/01/14 v3.01 AMS symbols A
)
(C:\Users\Poh\AppData\Local\Programs\MiKTeX\tex/latex/microtype\mt-msa.cfg
File: mt-msa.cfg 2006/02/04 v1.1 microtype config. file: AMS symbols (a) (RS)
)
LaTeX Font Info:    Trying to load font information for U+msb on input line 85.


(C:\Users\Poh\AppData\Local\Programs\MiKTeX\tex/latex/amsfonts\umsb.fd
File: umsb.fd 2013/01/14 v3.01 AMS symbols B
)
(C:\Users\Poh\AppData\Local\Programs\MiKTeX\tex/latex/microtype\mt-msb.cfg
File: mt-msb.cfg 2005/06/01 v1.0 microtype config. file: AMS symbols (b) (RS)
)
Package microtype Info: Character `029' is missing
(microtype)             in font `T1/lmr/m/sc/12'.
(microtype)             Ignoring protrusion settings for this character.

Underfull \hbox (badness 10000) in paragraph at lines 88--89

 []

(1Aproximaci√≥n cuasiest√°tica.tex
LaTeX Font Info:    External font `lmex10' loaded for size
(Font)              <10> on input line 3.
LaTeX Font Info:    External font `lmex10' loaded for size
(Font)              <7> on input line 3.
LaTeX Font Info:    External font `lmex10' loaded for size
(Font)              <5> on input line 3.


[1{C:/Users/Poh/AppData/Local/MiKTeX/fonts/map/pdftex/pdftex.map}{C:/Users/Poh/
AppData/Local/Programs/MiKTeX/fonts/enc/dvips/lm/lm-ec.enc}

{C:/Users/Poh/AppData/Local/Programs/MiKTeX/fonts/enc/dvips/lm/lm-mathit.enc}{C
:/Users/Poh/AppData/Local/Programs/MiKTeX/fonts/enc/dvips/lm/lm-rm.enc}{C:/User
s/Poh/AppData/Local/Programs/MiKTeX/fonts/enc/dvips/lm/lm-mathsy.enc}]
<Figuras/../../Figuras/shereE0.png, id=74, 376.40625pt x 402.00188pt>
File: Figuras/../../Figuras/shereE0.png Graphic file (type png)
<use Figuras/../../Figuras/shereE0.png>
Package pdftex.def Info: Figuras/../../Figuras/shereE0.png  used on input line 
25.
(pdftex.def)             Requested size: 145.11052pt x 154.98282pt.
<Figuras/../../Figuras/electricfield_sphere.png, id=76, 280.55214pt x 344.07747
pt>
File: Figuras/../../Figuras/electricfield_sphere.png Graphic file (type png)
<use Figuras/../../Figuras/electricfield_sphere.png>
Package pdftex.def Info: Figuras/../../Figuras/electricfield_sphere.png  used o
n input line 26.
(pdftex.def)             Requested size: 120.92421pt x 148.30743pt.

! Too many }'s.
l.32 ...ction{Dipolo el√©ctrico (caso din√°mico)}}
                                                  
You've closed more groups than you opened.
Such booboos are generally harmless, so keep going.


Underfull \hbox (badness 10000) in paragraph at lines 44--46

 []



[2{C:/Users/Poh/AppData/Local/Programs/MiKTeX/fonts/enc/dvips/lm/lm-mathex.enc}
 <./Figuras/../../Figuras/shereE0.png> <./Figuras/../../Figuras/electricfield_s
phere.png>]
Underfull \hbox (badness 4913) in paragraph at lines 61--61
[][][]\T1/lmr/m/n/8 (+20) Empleando la ley de co-se-nos y ha-cien-do una ex-pan
-siÛn bi-no-mial $\OMS/lmsy/m/n/8 j[] ^^@ []j \OT1/lmr/m/n/8 (+20) = [] =
 []

<Figuras/../../Figuras/aprox.jpg, id=113, 282.72025pt x 218.2554pt>
File: Figuras/../../Figuras/aprox.jpg Graphic file (type jpg)
<use Figuras/../../Figuras/aprox.jpg>
Package pdftex.def Info: Figuras/../../Figuras/aprox.jpg  used on input line 71
.
(pdftex.def)             Requested size: 170.71652pt x 131.79015pt.


[3 <./Figuras/../../Figuras/aprox.jpg>]
Underfull \hbox (badness 10000) in paragraph at lines 101--103

 []

) (1Extinci√≥n,esp,abs.tex

[4]
<Figuras/../../Figuras/WA.pdf, id=149, 347.16005pt x 293.14487pt>
File: Figuras/../../Figuras/WA.pdf Graphic file (type pdf)
<use Figuras/../../Figuras/WA.pdf>
Package pdftex.def Info: Figuras/../../Figuras/WA.pdf  used on input line 10.
(pdftex.def)             Requested size: 170.71652pt x 144.15216pt.

Underfull \hbox (badness 10000) in paragraph at lines 7--15

 []


Underfull \hbox (badness 10000) in paragraph at lines 25--27

 []



[5 <./Figuras/../../Figuras/WA.pdf>]
Underfull \hbox (badness 10000) in paragraph at lines 51--53

 []

) (1Elipsoide aproxcuas.tex
! Missing $ inserted.
<inserted text> 
                $
l.28 }
      
I've inserted a begin-math/end-math symbol since I think
you left one out. Proceed, with fingers crossed.

! Missing $ inserted.
<inserted text> 
                $
l.28 }
      
I've inserted something that you may have forgotten.
(See the <inserted text> above.)
With luck, this will get me unwedged. But if you
really didn't forget anything, try typing `2' now; then
my insertion and my current dilemma will both disappear.

! Missing $ inserted.
<inserted text> 
                $
l.28 }
      
I've inserted a begin-math/end-math symbol since I think
you left one out. Proceed, with fingers crossed.

! Missing $ inserted.
<inserted text> 
                $
l.28 }
      
I've inserted something that you may have forgotten.
(See the <inserted text> above.)
With luck, this will get me unwedged. But if you
really didn't forget anything, try typing `2' now; then
my insertion and my current dilemma will both disappear.

! Missing $ inserted.
<inserted text> 
                $
l.28 }
      
I've inserted a begin-math/end-math symbol since I think
you left one out. Proceed, with fingers crossed.

! Missing $ inserted.
<inserted text> 
                $
l.28 }
      
I've inserted something that you may have forgotten.
(See the <inserted text> above.)
With luck, this will get me unwedged. But if you
really didn't forget anything, try typing `2' now; then
my insertion and my current dilemma will both disappear.


! LaTeX Error: Bad math environment delimiter.

See the LaTeX manual or LaTeX Companion for explanation.
Type  H <return>  for immediate help.
 ...                                              
                                                  
l.28 }
      
Your command was ignored.
Type  I <command> <return>  to replace it with another command,
or  <return>  to continue without it.



[6]
Underfull \hbox (badness 10000) in paragraph at lines 35--37

 []

<Figuras/../../Figuras/ellipsoid.png, id=215, 374.57541pt x 285.53877pt>
File: Figuras/../../Figuras/ellipsoid.png Graphic file (type png)
<use Figuras/../../Figuras/ellipsoid.png>
Package pdftex.def Info: Figuras/../../Figuras/ellipsoid.png  used on input lin
e 41.
(pdftex.def)             Requested size: 227.62204pt x 173.5205pt.
<Figuras/../../Figuras/ConfocalCoord.png, id=216, 396.47322pt x 417.79288pt>
File: Figuras/../../Figuras/ConfocalCoord.png Graphic file (type png)
<use Figuras/../../Figuras/ConfocalCoord.png>
Package pdftex.def Info: Figuras/../../Figuras/ConfocalCoord.png  used on input
 line 48.
(pdftex.def)             Requested size: 241.84842pt x 254.85327pt.
<Figuras/../../Figuras/Quadratics.pdf, id=217, 361.35pt x 396.03957pt>
File: Figuras/../../Figuras/Quadratics.pdf Graphic file (type pdf)
<use Figuras/../../Figuras/Quadratics.pdf>
Package pdftex.def Info: Figuras/../../Figuras/Quadratics.pdf  used on input li
ne 49.
(pdftex.def)             Requested size: 241.84842pt x 265.06714pt.

Overfull \hbox (35.45253pt too wide) in paragraph at lines 48--50
 [][][][] 
 []



[7 <./Figuras/../../Figuras/ellipsoid.png>]

[8 <./Figuras/../../Figuras/ConfocalCoord.png> <./Figuras/../../Figuras/Quadrat
ics.pdf>]

[9]
Underfull \hbox (badness 10000) in paragraph at lines 127--129

 []


Underfull \hbox (badness 10000) in paragraph at lines 137--139

 []



[10]
Underfull \hbox (badness 10000) in paragraph at lines 174--177

 []



[11]

[12]
Overfull \hbox (20.13004pt too wide) detected at line 281
[]
 []


Underfull \hbox (badness 10000) in paragraph at lines 306--308

 []



[13]
Underfull \hbox (badness 10000) in paragraph at lines 358--360

 []



[14]
<Figuras/../../Figuras/prolato.png, id=359, 813.79031pt x 983.17313pt>
File: Figuras/../../Figuras/prolato.png Graphic file (type png)
<use Figuras/../../Figuras/prolato.png>
Package pdftex.def Info: Figuras/../../Figuras/prolato.png  used on input line 
382.
(pdftex.def)             Requested size: 85.35826pt x 103.1237pt.
<Figuras/../../Figuras/oblato.png, id=360, 326.967pt x 222.504pt>
File: Figuras/../../Figuras/oblato.png Graphic file (type png)
<use Figuras/../../Figuras/oblato.png>
Package pdftex.def Info: Figuras/../../Figuras/oblato.png  used on input line 3
83.
(pdftex.def)             Requested size: 145.11052pt x 98.75084pt.
) (1Resultados.tex
Underfull \hbox (badness 10000) in paragraph at lines 6--8

 []



[15 <./Figuras/../../Figuras/prolato.png> <./Figuras/../../Figuras/oblato.png>]

Underfull \hbox (badness 10000) in paragraph at lines 17--19

 []

<Figuras/../../Figuras/AlContribuciones3.pdf, id=380, 361.35pt x 282.05376pt>
File: Figuras/../../Figuras/AlContribuciones3.pdf Graphic file (type pdf)
<use Figuras/../../Figuras/AlContribuciones3.pdf>
Package pdftex.def Info: Figuras/../../Figuras/AlContribuciones3.pdf  used on i
nput line 23.
(pdftex.def)             Requested size: 215.24863pt x 168.01558pt.
<Figuras/../../Figuras/CextAlbueno.pdf, id=381, 361.35pt x 292.09125pt>
File: Figuras/../../Figuras/CextAlbueno.pdf Graphic file (type pdf)
<use Figuras/../../Figuras/CextAlbueno.pdf>
Package pdftex.def Info: Figuras/../../Figuras/CextAlbueno.pdf  used on input l
ine 24.
(pdftex.def)             Requested size: 212.82779pt x 172.03816pt.

Underfull \hbox (badness 10000) in paragraph at lines 28--29

 []



[16 <./Figuras/../../Figuras/AlContribuciones3.pdf> <./Figuras/../../Figuras/Ce
xtAlbueno.pdf

pdfTeX warning: pdflatex.exe (file ./Figuras/../../Figuras/CextAlbueno.pdf): PD
F inclusion: multiple pdfs with page group included in a single page
>]
Underfull \hbox (badness 10000) in paragraph at lines 31--32

 []

<Figuras/../../Figuras/AlAR.pdf, id=454, 361.35pt x 288.07625pt>
File: Figuras/../../Figuras/AlAR.pdf Graphic file (type pdf)
<use Figuras/../../Figuras/AlAR.pdf>
Package pdftex.def Info: Figuras/../../Figuras/AlAR.pdf  used on input line 40.

(pdftex.def)             Requested size: 215.24863pt x 171.60309pt.
<Figuras/../../Figuras/AgAR.pdf, id=455, 359.18732pt x 282.2694pt>
File: Figuras/../../Figuras/AgAR.pdf Graphic file (type pdf)
<use Figuras/../../Figuras/AgAR.pdf>
Package pdftex.def Info: Figuras/../../Figuras/AgAR.pdf  used on input line 41.

(pdftex.def)             Requested size: 212.82779pt x 167.25677pt.

Underfull \hbox (badness 10000) in paragraph at lines 38--44

 []



[17 <./Figuras/../../Figuras/AlAR.pdf> <./Figuras/../../Figuras/AgAR.pdf

pdfTeX warning: pdflatex.exe (file ./Figuras/../../Figuras/AgAR.pdf): PDF inclu
sion: multiple pdfs with page group included in a single page
>]
<Figuras/../../Figuras/Alc.pdf, id=567, 361.35pt x 284.06125pt>
File: Figuras/../../Figuras/Alc.pdf Graphic file (type pdf)
<use Figuras/../../Figuras/Alc.pdf>
Package pdftex.def Info: Figuras/../../Figuras/Alc.pdf  used on input line 56.
(pdftex.def)             Requested size: 215.24863pt x 169.21141pt.
<Figuras/../../Figuras/Agc.pdf, id=568, 359.77855pt x 282.2694pt>
File: Figuras/../../Figuras/Agc.pdf Graphic file (type pdf)
<use Figuras/../../Figuras/Agc.pdf>
Package pdftex.def Info: Figuras/../../Figuras/Agc.pdf  used on input line 57.
(pdftex.def)             Requested size: 212.82779pt x 166.98111pt.
<Figuras/../../Figuras/Au2.pdf, id=574, 373.7646pt x 327.46431pt>
File: Figuras/../../Figuras/Au2.pdf Graphic file (type pdf)
<use Figuras/../../Figuras/Au2.pdf>
Package pdftex.def Info: Figuras/../../Figuras/Au2.pdf  used on input line 69.
(pdftex.def)             Requested size: 215.24863pt x 188.5903pt.
<Figuras/../../Figuras/Au.pdf, id=575, 373.76457pt x 354.06776pt>
File: Figuras/../../Figuras/Au.pdf Graphic file (type pdf)
<use Figuras/../../Figuras/Au.pdf>
Package pdftex.def Info: Figuras/../../Figuras/Au.pdf  used on input line 70.
(pdftex.def)             Requested size: 212.82779pt x 201.61542pt.


[18 <./Figuras/../../Figuras/Alc.pdf> <./Figuras/../../Figuras/Agc.pdf

pdfTeX warning: pdflatex.exe (file ./Figuras/../../Figuras/Agc.pdf): PDF inclus
ion: multiple pdfs with page group included in a single page
>]
<Figuras/../../Figuras/Bi2.pdf, id=680, 366.42867pt x 364.3062pt>
File: Figuras/../../Figuras/Bi2.pdf Graphic file (type pdf)
<use Figuras/../../Figuras/Bi2.pdf>
Package pdftex.def Info: Figuras/../../Figuras/Bi2.pdf  used on input line 78.
(pdftex.def)             Requested size: 215.24863pt x 214.0049pt.
<Figuras/../../Figuras/Bi.pdf, id=681, 372.02643pt x 365.71161pt>
File: Figuras/../../Figuras/Bi.pdf Graphic file (type pdf)
<use Figuras/../../Figuras/Bi.pdf>
Package pdftex.def Info: Figuras/../../Figuras/Bi.pdf  used on input line 79.
(pdftex.def)             Requested size: 212.82779pt x 209.21669pt.


[19 <./Figuras/../../Figuras/Au2.pdf> <./Figuras/../../Figuras/Au.pdf

pdfTeX warning: pdflatex.exe (file ./Figuras/../../Figuras/Au.pdf): PDF inclusi
on: multiple pdfs with page group included in a single page
> <./Figuras/../../Figuras/Bi2.pdf

pdfTeX warning: pdflatex.exe (file ./Figuras/../../Figuras/Bi2.pdf): PDF inclus
ion: multiple pdfs with page group included in a single page
> <./Figuras/../../Figuras/Bi.pdf

pdfTeX warning: pdflatex.exe (file ./Figuras/../../Figuras/Bi.pdf): PDF inclusi
on: multiple pdfs with page group included in a single page
>]
<Figuras/../../Figuras/MgOc.pdf, id=818, 361.35pt x 271.0125pt>
File: Figuras/../../Figuras/MgOc.pdf Graphic file (type pdf)
<use Figuras/../../Figuras/MgOc.pdf>
Package pdftex.def Info: Figuras/../../Figuras/MgOc.pdf  used on input line 88.

(pdftex.def)             Requested size: 215.24863pt x 161.43845pt.
<Figuras/../../Figuras/MgOAR.pdf, id=819, 361.35pt x 278.03876pt>
File: Figuras/../../Figuras/MgOAR.pdf Graphic file (type pdf)
<use Figuras/../../Figuras/MgOAR.pdf>
Package pdftex.def Info: Figuras/../../Figuras/MgOAR.pdf  used on input line 89
.
(pdftex.def)             Requested size: 212.82779pt x 163.76143pt.
) (1Conclusiones.tex) (1Notas_Servicio_Social.bbl

[20 <./Figuras/../../Figuras/MgOc.pdf> <./Figuras/../../Figuras/MgOAR.pdf

pdfTeX warning: pdflatex.exe (file ./Figuras/../../Figuras/MgOAR.pdf): PDF incl
usion: multiple pdfs with page group included in a single page
>]

[21])

[22] (1Notas_Servicio_Social.aux
LaTeX Info: Redefining \. on input line 23.
LaTeX Info: Redefining \% on input line 23.
)
 ***********
LaTeX2e <2024-11-01> patch level 2
L3 programming layer <2025-01-18>
 ***********


LaTeX Warning: There were multiply-defined labels.

Package rerunfilecheck Info: File `1Notas_Servicio_Social.out' has not changed.

(rerunfilecheck)             Checksum: A45C8E433D63C8698549D94379398FD5;1822.
 ) 
Here is how much of TeX's memory you used:
 19070 strings out of 473529
 320606 string characters out of 5715742
 886571 words of memory out of 5000000
 41582 multiletter control sequences out of 15000+600000
 630683 words of font info for 199 fonts, out of 8000000 for 9000
 1141 hyphenation exceptions out of 8191
 79i,13n,93p,1694b,628s stack positions out of 10000i,1000n,20000p,200000b,200000s
<C:/Users/Poh/AppData/Local/Programs/MiKTeX/fonts/type1/public/lm/lmbx10.pfb>
<C:/Users/Poh/AppData/Local/Programs/MiKTeX/fonts/type1/public/lm/lmbx12.pfb><C
:/Users/Poh/AppData/Local/Programs/MiKTeX/fonts/type1/public/lm/lmbx8.pfb><C:/U
sers/Poh/AppData/Local/Programs/MiKTeX/fonts/type1/public/lm/lmcsc10.pfb><C:/Us
ers/Poh/AppData/Local/Programs/MiKTeX/fonts/type1/public/lm/lmex10.pfb><C:/User
s/Poh/AppData/Local/Programs/MiKTeX/fonts/type1/public/lm/lmmi10.pfb><C:/Users/
Poh/AppData/Local/Programs/MiKTeX/fonts/type1/public/lm/lmmi5.pfb><C:/Users/Poh
/AppData/Local/Programs/MiKTeX/fonts/type1/public/lm/lmmi6.pfb><C:/Users/Poh/Ap
pData/Local/Programs/MiKTeX/fonts/type1/public/lm/lmmi7.pfb><C:/Users/Poh/AppDa
ta/Local/Programs/MiKTeX/fonts/type1/public/lm/lmmi8.pfb><C:/Users/Poh/AppData/
Local/Programs/MiKTeX/fonts/type1/public/lm/lmr10.pfb><C:/Users/Poh/AppData/Loc
al/Programs/MiKTeX/fonts/type1/public/lm/lmr12.pfb><C:/Users/Poh/AppData/Local/
Programs/MiKTeX/fonts/type1/public/lm/lmr5.pfb><C:/Users/Poh/AppData/Local/Prog
rams/MiKTeX/fonts/type1/public/lm/lmr6.pfb><C:/Users/Poh/AppData/Local/Programs
/MiKTeX/fonts/type1/public/lm/lmr7.pfb><C:/Users/Poh/AppData/Local/Programs/MiK
TeX/fonts/type1/public/lm/lmr8.pfb><C:/Users/Poh/AppData/Local/Programs/MiKTeX/
fonts/type1/public/lm/lmri10.pfb><C:/Users/Poh/AppData/Local/Programs/MiKTeX/fo
nts/type1/public/lm/lmsy10.pfb><C:/Users/Poh/AppData/Local/Programs/MiKTeX/font
s/type1/public/lm/lmsy5.pfb><C:/Users/Poh/AppData/Local/Programs/MiKTeX/fonts/t
ype1/public/lm/lmsy6.pfb><C:/Users/Poh/AppData/Local/Programs/MiKTeX/fonts/type
1/public/lm/lmsy7.pfb><C:/Users/Poh/AppData/Local/Programs/MiKTeX/fonts/type1/p
ublic/lm/lmsy8.pfb><C:/Users/Poh/AppData/Local/Programs/MiKTeX/fonts/type1/publ
ic/amsfonts/symbols/msbm10.pfb>
Output written on 1Notas_Servicio_Social.pdf (22 pages, 21315168 bytes).
PDF statistics:
 1072 PDF objects out of 1200 (max. 8388607)
 171 named destinations out of 1000 (max. 500000)
 37034 words of extra memory for PDF output out of 42996 (max. 10000000)

